<?xml version="1.0" encoding="UTF-8"?>
<!-- Generated by org.testng.reporters.JUnitReportReporter -->
<testsuite hostname="DESKTOP-CFRUI98" failures="0" tests="1" name="com.Equarztestcase.signinpage" time="68.493" errors="0" timestamp="2023-10-17T15:16:17 IST" skipped="0">
  <testcase classname="com.Equarztestcase.signinpage" name="verifyLogin" time="68.493"/>
</testsuite> <!-- com.Equarztestcase.signinpage -->
