<?xml version="1.0" encoding="UTF-8"?>
<!-- Generated by org.testng.reporters.JUnitReportReporter -->
<testsuite hostname="DESKTOP-CFRUI98" failures="0" tests="1" name="com.Equarztestcase.Buypage" time="79.681" errors="0" timestamp="2023-09-29T10:34:53 IST" skipped="0">
  <testcase classname="com.Equarztestcase.Buypage" name="SearchProducts" time="79.681"/>
</testsuite> <!-- com.Equarztestcase.Buypage -->
