<?xml version="1.0" encoding="UTF-8"?>
<!-- Generated by org.testng.reporters.JUnitReportReporter -->
<testsuite hostname="DESKTOP-CFRUI98" failures="0" tests="1" name="com.Equarztestcase.signinpage" time="48.966" errors="0" timestamp="2023-09-26T09:10:27 IST" skipped="0">
  <testcase classname="com.Equarztestcase.signinpage" name="verifyLogin" time="48.966"/>
</testsuite> <!-- com.Equarztestcase.signinpage -->
