<?xml version="1.0" encoding="UTF-8"?>
<!-- Generated by org.testng.reporters.JUnitReportReporter -->
<testsuite hostname="DESKTOP-CFRUI98" failures="0" tests="1" name="com.Equarztestcase.profilepage" time="39.991" errors="0" timestamp="2023-10-13T10:56:25 IST" skipped="0">
  <testcase classname="com.Equarztestcase.profilepage" name="image" time="39.991"/>
</testsuite> <!-- com.Equarztestcase.profilepage -->
