<?xml version="1.0" encoding="UTF-8"?>
<!-- Generated by org.testng.reporters.JUnitReportReporter -->
<testsuite hostname="DESKTOP-CFRUI98" failures="0" tests="1" name="com.Equarztestcase.PENDINGPRODUCTSPAGE" time="105.071" errors="0" timestamp="2023-11-20T09:11:18 IST" skipped="0">
  <testcase classname="com.Equarztestcase.PENDINGPRODUCTSPAGE" name="pendcyproducts" time="105.071"/>
</testsuite> <!-- com.Equarztestcase.PENDINGPRODUCTSPAGE -->
