<?xml version="1.0" encoding="UTF-8"?>
<!-- Generated by org.testng.reporters.JUnitReportReporter -->
<testsuite hostname="DESKTOP-CFRUI98" failures="0" tests="1" name="com.Equarztestcase.cartpage" time="35.445" errors="0" timestamp="2023-09-29T14:45:03 IST" skipped="0">
  <testcase classname="com.Equarztestcase.cartpage" name="wishlistproducts" time="35.445"/>
</testsuite> <!-- com.Equarztestcase.cartpage -->
