<?xml version="1.0" encoding="UTF-8"?>
<!-- Generated by org.testng.reporters.JUnitReportReporter -->
<testsuite hostname="DESKTOP-CFRUI98" failures="0" tests="1" name="com.Equarztestcase.Buypage" time="41.437" errors="0" timestamp="2023-09-26T10:07:18 IST" skipped="0">
  <testcase classname="com.Equarztestcase.Buypage" name="SearchProducts" time="41.437"/>
</testsuite> <!-- com.Equarztestcase.Buypage -->
