<?xml version="1.0" encoding="UTF-8"?>
<!-- Generated by org.testng.reporters.JUnitReportReporter -->
<testsuite hostname="DESKTOP-CFRUI98" failures="0" tests="1" name="com.Equarztestcase.logoutpage" time="105.932" errors="0" timestamp="2023-09-28T11:40:32 IST" skipped="0">
  <testcase classname="com.Equarztestcase.logoutpage" name="logout" time="105.932"/>
</testsuite> <!-- com.Equarztestcase.logoutpage -->
