<?xml version="1.0" encoding="UTF-8"?>
<!-- Generated by org.testng.reporters.JUnitReportReporter -->
<testsuite hostname="DESKTOP-CFRUI98" failures="0" tests="1" name="com.Equarztestcase.homepage" time="58.843" errors="0" timestamp="2023-09-26T12:38:33 IST" skipped="0">
  <testcase classname="com.Equarztestcase.homepage" name="Featureslinks" time="58.843"/>
</testsuite> <!-- com.Equarztestcase.homepage -->
