<?xml version="1.0" encoding="UTF-8"?>
<!-- Generated by org.testng.reporters.JUnitReportReporter -->
<testsuite hostname="DESKTOP-CFRUI98" failures="0" tests="1" name="com.Equarztestcase.signuppage" time="20.702" errors="0" timestamp="2023-09-26T12:06:51 IST" skipped="0">
  <testcase classname="com.Equarztestcase.signuppage" name="validatesignups" time="20.702"/>
</testsuite> <!-- com.Equarztestcase.signuppage -->
