<?xml version="1.0" encoding="UTF-8"?>
<!-- Generated by org.testng.reporters.JUnitReportReporter -->
<testsuite hostname="DESKTOP-CFRUI98" failures="0" tests="1" name="com.Equarztestcase.profilepage" time="54.785" errors="0" timestamp="2023-09-27T17:44:35 IST" skipped="0">
  <testcase classname="com.Equarztestcase.profilepage" name="image" time="54.785"/>
</testsuite> <!-- com.Equarztestcase.profilepage -->
