<?xml version="1.0" encoding="UTF-8"?>
<!-- Generated by org.testng.reporters.JUnitReportReporter -->
<testsuite hostname="DESKTOP-CFRUI98" failures="0" tests="1" name="com.Equarztestcase.homelinkspage" time="34.031" errors="0" timestamp="2023-09-26T16:27:17 IST" skipped="0">
  <testcase classname="com.Equarztestcase.homelinkspage" name="suporttickts" time="34.031"/>
</testsuite> <!-- com.Equarztestcase.homelinkspage -->
