<?xml version="1.0" encoding="UTF-8"?>
<!-- Generated by org.testng.reporters.JUnitReportReporter -->
<testsuite hostname="DESKTOP-CFRUI98" failures="0" tests="1" name="com.Equarztestcase.signup2page" time="19.520" errors="0" timestamp="2023-10-12T10:32:51 IST" skipped="0">
  <testcase classname="com.Equarztestcase.signup2page" name="validatesignups" time="19.520"/>
</testsuite> <!-- com.Equarztestcase.signup2page -->
