<?xml version="1.0" encoding="UTF-8"?>
<!-- Generated by org.testng.reporters.JUnitReportReporter -->
<testsuite hostname="DESKTOP-CFRUI98" failures="0" tests="1" name="com.equarzlogin.testcase.Loginpage" time="33.639" errors="0" timestamp="2023-09-06T17:30:56 IST" skipped="0">
  <testcase classname="com.equarzlogin.testcase.Loginpage" name="verifyLogin" time="33.639"/>
</testsuite> <!-- com.equarzlogin.testcase.Loginpage -->
